0 info it worked if it ends with ok
1 verbose cli [ '/usr/bin/node', '/usr/bin/npm', 'install', 'db-mysql' ]
2 info using npm@3.5.2
3 info using node@v8.10.0
4 silly loadCurrentTree Starting
5 silly install loadCurrentTree
6 silly install readLocalPackageData
7 silly fetchPackageMetaData db-mysql
8 silly fetchNamedPackageData db-mysql
9 silly mapToRegistry name db-mysql
10 silly mapToRegistry using default registry
11 silly mapToRegistry registry https://registry.npmjs.org/
12 silly mapToRegistry uri https://registry.npmjs.org/db-mysql
13 verbose request uri https://registry.npmjs.org/db-mysql
14 verbose request no auth needed
15 info attempt registry request try #1 at 22:47:46
16 verbose request id 4a0e8fbe2a819d0e
17 http request GET https://registry.npmjs.org/db-mysql
18 http 200 https://registry.npmjs.org/db-mysql
19 verbose headers { date: 'Mon, 06 Aug 2018 20:47:46 GMT',
19 verbose headers   'content-type': 'application/json; charset=UTF-8',
19 verbose headers   'transfer-encoding': 'chunked',
19 verbose headers   connection: 'keep-alive',
19 verbose headers   'set-cookie':
19 verbose headers    [ '__cfduid=d949f197aeece1a082ae0acd2f360add21533588466; expires=Tue, 06-Aug-19 20:47:46 GMT; path=/; domain=.registry.npmjs.org; HttpOnly' ],
19 verbose headers   'cache-control': 'max-age=300',
19 verbose headers   'cf-cache-status': 'HIT',
19 verbose headers   'cf-ray': '44645c4d792bbe43-MXP',
19 verbose headers   etag: 'W/"ecb923acdbf6241067a65e0d05ca062f"',
19 verbose headers   'expect-ct': 'max-age=604800, report-uri="https://report-uri.cloudflare.com/cdn-cgi/beacon/expect-ct"',
19 verbose headers   'last-modified': 'Sat, 26 May 2018 21:49:20 GMT',
19 verbose headers   vary: 'accept-encoding, accept',
19 verbose headers   server: 'cloudflare',
19 verbose headers   'content-encoding': 'gzip' }
20 silly get cb [ 200,
20 silly get   { date: 'Mon, 06 Aug 2018 20:47:46 GMT',
20 silly get     'content-type': 'application/json; charset=UTF-8',
20 silly get     'transfer-encoding': 'chunked',
20 silly get     connection: 'keep-alive',
20 silly get     'set-cookie':
20 silly get      [ '__cfduid=d949f197aeece1a082ae0acd2f360add21533588466; expires=Tue, 06-Aug-19 20:47:46 GMT; path=/; domain=.registry.npmjs.org; HttpOnly' ],
20 silly get     'cache-control': 'max-age=300',
20 silly get     'cf-cache-status': 'HIT',
20 silly get     'cf-ray': '44645c4d792bbe43-MXP',
20 silly get     etag: 'W/"ecb923acdbf6241067a65e0d05ca062f"',
20 silly get     'expect-ct': 'max-age=604800, report-uri="https://report-uri.cloudflare.com/cdn-cgi/beacon/expect-ct"',
20 silly get     'last-modified': 'Sat, 26 May 2018 21:49:20 GMT',
20 silly get     vary: 'accept-encoding, accept',
20 silly get     server: 'cloudflare',
20 silly get     'content-encoding': 'gzip' } ]
21 verbose get saving db-mysql to /home/marco/.npm/registry.npmjs.org/db-mysql/.cache.json
22 verbose makeDirectory /home/marco/.npm creation not in flight; initializing
23 silly makeDirectory /home/marco/.npm uid: 1000 gid: 1000
24 silly install normalizeTree
25 silly loadCurrentTree Finishing
26 silly loadIdealTree Starting
27 silly install loadIdealTree
28 silly cloneCurrentTree Starting
29 silly install cloneCurrentTreeToIdealTree
30 silly cloneCurrentTree Finishing
31 silly loadShrinkwrap Starting
32 silly install loadShrinkwrap
33 silly loadShrinkwrap Finishing
34 silly loadAllDepsIntoIdealTree Starting
35 silly install loadAllDepsIntoIdealTree
36 silly resolveWithNewModule db-mysql@0.7.6 checking installable status
37 silly cache add args [ 'db-mysql', null ]
38 verbose cache add spec db-mysql
39 silly cache add parsed spec Result {
39 silly cache add   raw: 'db-mysql',
39 silly cache add   scope: null,
39 silly cache add   name: 'db-mysql',
39 silly cache add   rawSpec: '',
39 silly cache add   spec: 'latest',
39 silly cache add   type: 'tag' }
40 silly addNamed db-mysql@latest
41 verbose addNamed "latest" is being treated as a dist-tag for db-mysql
42 info addNameTag [ 'db-mysql', 'latest' ]
43 silly mapToRegistry name db-mysql
44 silly mapToRegistry using default registry
45 silly mapToRegistry registry https://registry.npmjs.org/
46 silly mapToRegistry uri https://registry.npmjs.org/db-mysql
47 verbose addNameTag registry:https://registry.npmjs.org/db-mysql not in flight; fetching
48 verbose get https://registry.npmjs.org/db-mysql not expired, no request
49 silly addNameTag next cb for db-mysql with tag latest
50 silly addNamed db-mysql@0.7.6
51 verbose addNamed "0.7.6" is a plain semver version for db-mysql
52 silly mapToRegistry name db-mysql
53 silly mapToRegistry using default registry
54 silly mapToRegistry registry https://registry.npmjs.org/
55 silly mapToRegistry uri https://registry.npmjs.org/db-mysql
56 verbose addRemoteTarball https://registry.npmjs.org/db-mysql/-/db-mysql-0.7.6.tgz not in flight; adding
57 verbose addRemoteTarball [ 'https://registry.npmjs.org/db-mysql/-/db-mysql-0.7.6.tgz',
57 verbose addRemoteTarball   'ff870557afb1ee4197712211d26b6a05394a7aeb' ]
58 info retry fetch attempt 1 at 22:47:46
59 info attempt registry request try #1 at 22:47:46
60 http fetch GET https://registry.npmjs.org/db-mysql/-/db-mysql-0.7.6.tgz
61 http fetch 200 https://registry.npmjs.org/db-mysql/-/db-mysql-0.7.6.tgz
62 silly fetchAndShaCheck shasum ff870557afb1ee4197712211d26b6a05394a7aeb
63 verbose addTmpTarball /tmp/npm-10459-cc9330f5/registry.npmjs.org/db-mysql/-/db-mysql-0.7.6.tgz not in flight; adding
64 verbose addTmpTarball already have metadata; skipping unpack for db-mysql@0.7.6
65 silly cache afterAdd db-mysql@0.7.6
66 verbose afterAdd /home/marco/.npm/db-mysql/0.7.6/package/package.json not in flight; writing
67 verbose afterAdd /home/marco/.npm/db-mysql/0.7.6/package/package.json written
68 silly loadAllDepsIntoIdealTree Finishing
69 silly idealTree:prePrune mysql@1.0.0
69 silly idealTree:prePrune ├── async@2.6.1
69 silly idealTree:prePrune ├── bignumber.js@4.1.0
69 silly idealTree:prePrune ├── color-convert@1.9.2
69 silly idealTree:prePrune ├── color-name@1.1.1
69 silly idealTree:prePrune ├── color-string@1.5.3
69 silly idealTree:prePrune ├── color@3.0.0
69 silly idealTree:prePrune ├── colornames@1.1.1
69 silly idealTree:prePrune ├── colors@1.3.1
69 silly idealTree:prePrune ├── colorspace@1.1.1
69 silly idealTree:prePrune ├── core-util-is@1.0.2
69 silly idealTree:prePrune ├── db-mysql@0.7.6
69 silly idealTree:prePrune ├── debug@3.1.0
69 silly idealTree:prePrune ├── diagnostics@1.1.1
69 silly idealTree:prePrune ├── enabled@1.0.2
69 silly idealTree:prePrune ├── env-variable@0.0.4
69 silly idealTree:prePrune ├── fast-safe-stringify@2.0.5
69 silly idealTree:prePrune ├── fecha@2.3.3
69 silly idealTree:prePrune ├── inherits@2.0.3
69 silly idealTree:prePrune ├── is-arrayish@0.3.2
69 silly idealTree:prePrune ├── is-stream@1.1.0
69 silly idealTree:prePrune ├── isarray@1.0.0
69 silly idealTree:prePrune ├── kuler@1.0.0
69 silly idealTree:prePrune ├── lodash@4.17.10
69 silly idealTree:prePrune ├─┬ logform@1.9.1
69 silly idealTree:prePrune │ └── ms@2.1.1
69 silly idealTree:prePrune ├── ms@2.0.0
69 silly idealTree:prePrune ├── mysql@2.16.0
69 silly idealTree:prePrune ├── one-time@0.0.4
69 silly idealTree:prePrune ├── process-nextick-args@2.0.0
69 silly idealTree:prePrune ├── readable-stream@2.3.6
69 silly idealTree:prePrune ├── safe-buffer@5.1.2
69 silly idealTree:prePrune ├── simple-swizzle@0.2.2
69 silly idealTree:prePrune ├── sqlstring@2.3.1
69 silly idealTree:prePrune ├── stack-trace@0.0.10
69 silly idealTree:prePrune ├── string_decoder@1.1.1
69 silly idealTree:prePrune ├── text-hex@1.0.0
69 silly idealTree:prePrune ├── triple-beam@1.3.0
69 silly idealTree:prePrune ├── util-deprecate@1.0.2
69 silly idealTree:prePrune ├── winston-transport@4.2.0
69 silly idealTree:prePrune └── winston@3.0.0
70 silly loadIdealTree Finishing
71 silly currentTree mysql@1.0.0
71 silly currentTree ├── async@2.6.1
71 silly currentTree ├── bignumber.js@4.1.0
71 silly currentTree ├── color-convert@1.9.2
71 silly currentTree ├── color-name@1.1.1
71 silly currentTree ├── color-string@1.5.3
71 silly currentTree ├── color@3.0.0
71 silly currentTree ├── colornames@1.1.1
71 silly currentTree ├── colors@1.3.1
71 silly currentTree ├── colorspace@1.1.1
71 silly currentTree ├── core-util-is@1.0.2
71 silly currentTree ├── debug@3.1.0
71 silly currentTree ├── diagnostics@1.1.1
71 silly currentTree ├── enabled@1.0.2
71 silly currentTree ├── env-variable@0.0.4
71 silly currentTree ├── fast-safe-stringify@2.0.5
71 silly currentTree ├── fecha@2.3.3
71 silly currentTree ├── inherits@2.0.3
71 silly currentTree ├── is-arrayish@0.3.2
71 silly currentTree ├── is-stream@1.1.0
71 silly currentTree ├── isarray@1.0.0
71 silly currentTree ├── kuler@1.0.0
71 silly currentTree ├── lodash@4.17.10
71 silly currentTree ├─┬ logform@1.9.1
71 silly currentTree │ └── ms@2.1.1
71 silly currentTree ├── ms@2.0.0
71 silly currentTree ├── mysql@2.16.0
71 silly currentTree ├── one-time@0.0.4
71 silly currentTree ├── process-nextick-args@2.0.0
71 silly currentTree ├── readable-stream@2.3.6
71 silly currentTree ├── safe-buffer@5.1.2
71 silly currentTree ├── simple-swizzle@0.2.2
71 silly currentTree ├── sqlstring@2.3.1
71 silly currentTree ├── stack-trace@0.0.10
71 silly currentTree ├── string_decoder@1.1.1
71 silly currentTree ├── text-hex@1.0.0
71 silly currentTree ├── triple-beam@1.3.0
71 silly currentTree ├── util-deprecate@1.0.2
71 silly currentTree ├── winston-transport@4.2.0
71 silly currentTree └── winston@3.0.0
72 silly idealTree mysql@1.0.0
72 silly idealTree ├── async@2.6.1
72 silly idealTree ├── bignumber.js@4.1.0
72 silly idealTree ├── color-convert@1.9.2
72 silly idealTree ├── color-name@1.1.1
72 silly idealTree ├── color-string@1.5.3
72 silly idealTree ├── color@3.0.0
72 silly idealTree ├── colornames@1.1.1
72 silly idealTree ├── colors@1.3.1
72 silly idealTree ├── colorspace@1.1.1
72 silly idealTree ├── core-util-is@1.0.2
72 silly idealTree ├── db-mysql@0.7.6
72 silly idealTree ├── debug@3.1.0
72 silly idealTree ├── diagnostics@1.1.1
72 silly idealTree ├── enabled@1.0.2
72 silly idealTree ├── env-variable@0.0.4
72 silly idealTree ├── fast-safe-stringify@2.0.5
72 silly idealTree ├── fecha@2.3.3
72 silly idealTree ├── inherits@2.0.3
72 silly idealTree ├── is-arrayish@0.3.2
72 silly idealTree ├── is-stream@1.1.0
72 silly idealTree ├── isarray@1.0.0
72 silly idealTree ├── kuler@1.0.0
72 silly idealTree ├── lodash@4.17.10
72 silly idealTree ├─┬ logform@1.9.1
72 silly idealTree │ └── ms@2.1.1
72 silly idealTree ├── ms@2.0.0
72 silly idealTree ├── mysql@2.16.0
72 silly idealTree ├── one-time@0.0.4
72 silly idealTree ├── process-nextick-args@2.0.0
72 silly idealTree ├── readable-stream@2.3.6
72 silly idealTree ├── safe-buffer@5.1.2
72 silly idealTree ├── simple-swizzle@0.2.2
72 silly idealTree ├── sqlstring@2.3.1
72 silly idealTree ├── stack-trace@0.0.10
72 silly idealTree ├── string_decoder@1.1.1
72 silly idealTree ├── text-hex@1.0.0
72 silly idealTree ├── triple-beam@1.3.0
72 silly idealTree ├── util-deprecate@1.0.2
72 silly idealTree ├── winston-transport@4.2.0
72 silly idealTree └── winston@3.0.0
73 silly generateActionsToTake Starting
74 silly install generateActionsToTake
75 silly generateActionsToTake Finishing
76 silly diffTrees action count 2
77 silly diffTrees add db-mysql@0.7.6
78 silly diffTrees update debug@3.1.0
79 silly decomposeActions action count 16
80 silly decomposeActions fetch db-mysql@0.7.6
81 silly decomposeActions extract db-mysql@0.7.6
82 silly decomposeActions test db-mysql@0.7.6
83 silly decomposeActions preinstall db-mysql@0.7.6
84 silly decomposeActions build db-mysql@0.7.6
85 silly decomposeActions install db-mysql@0.7.6
86 silly decomposeActions postinstall db-mysql@0.7.6
87 silly decomposeActions finalize db-mysql@0.7.6
88 silly decomposeActions fetch debug@3.1.0
89 silly decomposeActions extract debug@3.1.0
90 silly decomposeActions test debug@3.1.0
91 silly decomposeActions preinstall debug@3.1.0
92 silly decomposeActions build debug@3.1.0
93 silly decomposeActions install debug@3.1.0
94 silly decomposeActions postinstall debug@3.1.0
95 silly decomposeActions finalize debug@3.1.0
96 silly executeActions Starting
97 silly install executeActions
98 silly doSerial global-install 0
99 silly doParallel fetch 2
100 verbose makeDirectory /home/marco/.npm/_locks creation not in flight; initializing
101 silly makeDirectory /home/marco/.npm/_locks uid: 1000 gid: 1000
102 verbose lock using /home/marco/.npm/_locks/staging-47aa5db5fca93c91.lock for /var/www/html/node/mysql/node_modules/.staging
103 silly doParallel extract 2
104 silly extract db-mysql@0.7.6
105 silly extract debug@3.1.0
106 silly addNamed debug@3.1.0
107 verbose addNamed "3.1.0" is a plain semver version for debug
108 silly mapToRegistry name debug
109 silly mapToRegistry using default registry
110 silly mapToRegistry registry https://registry.npmjs.org/
111 silly mapToRegistry uri https://registry.npmjs.org/debug
112 verbose addNameVersion registry:https://registry.npmjs.org/debug not in flight; fetching
113 verbose unbuild node_modules/.staging/db-mysql-59765d16
114 verbose request uri https://registry.npmjs.org/debug
115 verbose request no auth needed
116 info attempt registry request try #1 at 22:47:47
117 http request GET https://registry.npmjs.org/debug
118 silly gentlyRm /var/www/html/node/mysql/node_modules/.staging/db-mysql-59765d16 is being purged from base /var/www/html/node/mysql
119 verbose gentlyRm don't care about contents; nuking /var/www/html/node/mysql/node_modules/.staging/db-mysql-59765d16
120 verbose tar unpack /home/marco/.npm/db-mysql/0.7.6/package.tgz
121 verbose tar unpacking to /var/www/html/node/mysql/node_modules/.staging/db-mysql-59765d16
122 silly gentlyRm /var/www/html/node/mysql/node_modules/.staging/db-mysql-59765d16 is being purged
123 verbose gentlyRm don't care about contents; nuking /var/www/html/node/mysql/node_modules/.staging/db-mysql-59765d16
124 silly gunzTarPerm modes [ '755', '644' ]
125 silly gunzTarPerm extractEntry mysql-test-sync.js
126 silly gunzTarPerm extractEntry mysql-test-insert.js
127 silly gunzTarPerm extractEntry mysql-test-manual-query.js
128 silly gunzTarPerm extractEntry README.md
129 silly gunzTarPerm extractEntry tests.js
130 silly gunzTarPerm extractEntry mysql-test-placeholder.js
131 silly gunzTarPerm extractEntry mysql-test-no-connection.js
132 silly gunzTarPerm extractEntry .gitignore
133 silly gunzTarPerm extractEntry wscript
134 silly gunzTarPerm extractEntry CHANGELOG
135 silly gunzTarPerm extractEntry .gitmodules
136 silly gunzTarPerm extractEntry t.js
137 silly gunzTarPerm extractEntry mysql-test-long.js
138 silly gunzTarPerm extractEntry mysql-test.js
139 silly gunzTarPerm extractEntry .npmignore
140 silly gunzTarPerm extractEntry db-mysql.js
141 silly gunzTarPerm extractEntry mysql-test-long-number.js
142 silly gunzTarPerm extractEntry package.json
143 silly gunzTarPerm extractEntry tests-settings.json
144 silly gunzTarPerm extractEntry tests-db.js
145 silly gunzTarPerm extractEntry mysql-test-sync-update.js
146 silly gunzTarPerm extractEntry mysql-test-async.js
147 silly gunzTarPerm extractEntry src/mysql.cc
148 silly gunzTarPerm extractEntry src/result.h
149 silly gunzTarPerm extractEntry src/query.cc
150 silly gunzTarPerm extractEntry src/mysql_bindings.cc
151 silly gunzTarPerm extractEntry src/connection.cc
152 silly gunzTarPerm extractEntry src/query.h
153 silly gunzTarPerm extractEntry src/connection.h
154 silly gunzTarPerm extractEntry src/result.cc
155 silly gunzTarPerm extractEntry src/mysql.h
156 silly gunzTarPerm extractEntry doc/api.html
157 silly gunzTarPerm extractEntry doc/changelog.html
158 silly gunzTarPerm extractEntry doc/index.html
159 silly gunzTarPerm extractEntry lib/node-db/binding.h
160 silly gunzTarPerm extractEntry lib/node-db/events.h
161 silly gunzTarPerm extractEntry lib/node-db/exception.cc
162 silly gunzTarPerm extractEntry lib/node-db/README.md
163 silly gunzTarPerm extractEntry lib/node-db/tests.js
164 silly gunzTarPerm extractEntry lib/node-db/result.h
165 silly gunzTarPerm extractEntry lib/node-db/exception.h
166 silly gunzTarPerm extractEntry lib/node-db/events.cc
167 silly gunzTarPerm extractEntry lib/node-db/query.cc
168 silly gunzTarPerm extractEntry lib/node-db/binding.cc
169 silly gunzTarPerm extractEntry lib/node-db/connection.cc
170 silly gunzTarPerm extractEntry lib/node-db/query.h
171 silly gunzTarPerm extractEntry lib/node-db/connection.h
172 silly gunzTarPerm extractEntry lib/node-db/node_defs.h
173 silly gunzTarPerm extractEntry lib/node-db/result.cc
174 silly gentlyRm /var/www/html/node/mysql/node_modules/.staging/db-mysql-59765d16/node_modules is being purged
175 verbose gentlyRm don't care about contents; nuking /var/www/html/node/mysql/node_modules/.staging/db-mysql-59765d16/node_modules
176 http 200 https://registry.npmjs.org/debug
177 verbose headers { date: 'Mon, 06 Aug 2018 20:47:47 GMT',
177 verbose headers   'content-type': 'application/json; charset=UTF-8',
177 verbose headers   'transfer-encoding': 'chunked',
177 verbose headers   connection: 'keep-alive',
177 verbose headers   'set-cookie':
177 verbose headers    [ '__cfduid=d59bb0244872705c404900792d9e85a961533588467; expires=Tue, 06-Aug-19 20:47:47 GMT; path=/; domain=.registry.npmjs.org; HttpOnly' ],
177 verbose headers   'cache-control': 'max-age=300',
177 verbose headers   'cf-cache-status': 'HIT',
177 verbose headers   'cf-ray': '44645c503be4be43-MXP',
177 verbose headers   etag: 'W/"d6b5b4e8e6890d61851e58f71622647e"',
177 verbose headers   'expect-ct': 'max-age=604800, report-uri="https://report-uri.cloudflare.com/cdn-cgi/beacon/expect-ct"',
177 verbose headers   'last-modified': 'Thu, 02 Aug 2018 09:55:27 GMT',
177 verbose headers   vary: 'accept-encoding, accept',
177 verbose headers   server: 'cloudflare',
177 verbose headers   'content-encoding': 'gzip' }
178 silly get cb [ 200,
178 silly get   { date: 'Mon, 06 Aug 2018 20:47:47 GMT',
178 silly get     'content-type': 'application/json; charset=UTF-8',
178 silly get     'transfer-encoding': 'chunked',
178 silly get     connection: 'keep-alive',
178 silly get     'set-cookie':
178 silly get      [ '__cfduid=d59bb0244872705c404900792d9e85a961533588467; expires=Tue, 06-Aug-19 20:47:47 GMT; path=/; domain=.registry.npmjs.org; HttpOnly' ],
178 silly get     'cache-control': 'max-age=300',
178 silly get     'cf-cache-status': 'HIT',
178 silly get     'cf-ray': '44645c503be4be43-MXP',
178 silly get     etag: 'W/"d6b5b4e8e6890d61851e58f71622647e"',
178 silly get     'expect-ct': 'max-age=604800, report-uri="https://report-uri.cloudflare.com/cdn-cgi/beacon/expect-ct"',
178 silly get     'last-modified': 'Thu, 02 Aug 2018 09:55:27 GMT',
178 silly get     vary: 'accept-encoding, accept',
178 silly get     server: 'cloudflare',
178 silly get     'content-encoding': 'gzip' } ]
179 verbose get saving debug to /home/marco/.npm/registry.npmjs.org/debug/.cache.json
180 silly mapToRegistry name debug
181 silly mapToRegistry using default registry
182 silly mapToRegistry registry https://registry.npmjs.org/
183 silly mapToRegistry uri https://registry.npmjs.org/debug
184 verbose addRemoteTarball https://registry.npmjs.org/debug/-/debug-3.1.0.tgz not in flight; adding
185 verbose addRemoteTarball [ 'https://registry.npmjs.org/debug/-/debug-3.1.0.tgz',
185 verbose addRemoteTarball   '5bb5a0672628b64149566ba16819e61518c67261' ]
186 info retry fetch attempt 1 at 22:47:47
187 info attempt registry request try #1 at 22:47:47
188 http fetch GET https://registry.npmjs.org/debug/-/debug-3.1.0.tgz
189 http fetch 200 https://registry.npmjs.org/debug/-/debug-3.1.0.tgz
190 silly fetchAndShaCheck shasum 5bb5a0672628b64149566ba16819e61518c67261
191 verbose addTmpTarball /tmp/npm-10459-cc9330f5/registry.npmjs.org/debug/-/debug-3.1.0.tgz not in flight; adding
192 verbose addTmpTarball already have metadata; skipping unpack for debug@3.1.0
193 verbose unbuild node_modules/.staging/debug-1e675a4e
194 silly gentlyRm /var/www/html/node/mysql/node_modules/.staging/debug-1e675a4e is being purged from base /var/www/html/node/mysql
195 verbose gentlyRm don't care about contents; nuking /var/www/html/node/mysql/node_modules/.staging/debug-1e675a4e
196 verbose tar unpack /home/marco/.npm/debug/3.1.0/package.tgz
197 verbose tar unpacking to /var/www/html/node/mysql/node_modules/.staging/debug-1e675a4e
198 silly gentlyRm /var/www/html/node/mysql/node_modules/.staging/debug-1e675a4e is being purged
199 verbose gentlyRm don't care about contents; nuking /var/www/html/node/mysql/node_modules/.staging/debug-1e675a4e
200 silly gunzTarPerm modes [ '755', '644' ]
201 silly gunzTarPerm extractEntry package.json
202 silly gunzTarPerm extractEntry .npmignore
203 silly gunzTarPerm extractEntry README.md
204 silly gunzTarPerm extractEntry LICENSE
205 silly gunzTarPerm extractEntry karma.conf.js
206 silly gunzTarPerm extractEntry node.js
207 silly gunzTarPerm extractEntry .eslintrc
208 silly gunzTarPerm extractEntry Makefile
209 silly gunzTarPerm extractEntry .coveralls.yml
210 silly gunzTarPerm extractEntry .travis.yml
211 silly gunzTarPerm extractEntry CHANGELOG.md
212 silly gunzTarPerm extractEntry src/browser.js
213 silly gunzTarPerm extractEntry src/debug.js
214 silly gunzTarPerm extractEntry src/index.js
215 silly gunzTarPerm extractEntry src/node.js
216 silly gentlyRm /var/www/html/node/mysql/node_modules/.staging/debug-1e675a4e/node_modules is being purged
217 verbose gentlyRm don't care about contents; nuking /var/www/html/node/mysql/node_modules/.staging/debug-1e675a4e/node_modules
218 silly doParallel preinstall 2
219 silly preinstall db-mysql@0.7.6 /var/www/html/node/mysql/node_modules/.staging/db-mysql-59765d16
220 info lifecycle db-mysql@0.7.6~preinstall: db-mysql@0.7.6
221 silly preinstall debug@3.1.0 /var/www/html/node/mysql/node_modules/.staging/debug-1e675a4e
222 info lifecycle debug@3.1.0~preinstall: debug@3.1.0
223 silly lifecycle db-mysql@0.7.6~preinstall: no script for preinstall, continuing
224 silly lifecycle debug@3.1.0~preinstall: no script for preinstall, continuing
225 silly doReverseSerial remove 0
226 silly doSerial move 0
227 silly doSerial finalize 2
228 silly finalize /var/www/html/node/mysql/node_modules/db-mysql
229 silly finalize /var/www/html/node/mysql/node_modules/debug
230 silly doSerial build 2
231 silly build db-mysql@0.7.6
232 info linkStuff db-mysql@0.7.6
233 silly linkStuff db-mysql@0.7.6 has /var/www/html/node/mysql/node_modules as its parent node_modules
234 verbose linkBins db-mysql@0.7.6
235 verbose linkMans db-mysql@0.7.6
236 silly build debug@3.1.0
237 info linkStuff debug@3.1.0
238 silly linkStuff debug@3.1.0 has /var/www/html/node/mysql/node_modules as its parent node_modules
239 verbose linkBins debug@3.1.0
240 verbose linkMans debug@3.1.0
241 silly doSerial global-link 0
242 silly doParallel update-linked 0
243 silly doSerial install 2
244 silly install db-mysql@0.7.6 /var/www/html/node/mysql/node_modules/.staging/db-mysql-59765d16
245 info lifecycle db-mysql@0.7.6~install: db-mysql@0.7.6
246 verbose lifecycle db-mysql@0.7.6~install: unsafe-perm in lifecycle true
247 verbose lifecycle db-mysql@0.7.6~install: PATH: /usr/share/npm/bin/node-gyp-bin:/var/www/html/node/mysql/node_modules/db-mysql/node_modules/.bin:/var/www/html/node/mysql/node_modules/.bin:/usr/local/sbin:/usr/local/bin:/usr/sbin:/usr/bin:/sbin:/bin:/usr/games:/usr/local/games:/snap/bin:/usr/lib/jvm/java-8-oracle/bin:/usr/lib/jvm/java-8-oracle/db/bin:/usr/lib/jvm/java-8-oracle/jre/bin
248 verbose lifecycle db-mysql@0.7.6~install: CWD: /var/www/html/node/mysql/node_modules/db-mysql
249 silly lifecycle db-mysql@0.7.6~install: Args: [ '-c', 'node-waf configure build' ]
250 info lifecycle db-mysql@0.7.6~install: Failed to exec install script
251 verbose unlock done using /home/marco/.npm/_locks/staging-47aa5db5fca93c91.lock for /var/www/html/node/mysql/node_modules/.staging
252 silly rollbackFailedOptional Starting
253 silly rollbackFailedOptional Finishing
254 silly runTopLevelLifecycles Starting
255 silly runTopLevelLifecycles Finishing
256 silly install printInstalled
257 warn mysql@1.0.0 No description
258 warn mysql@1.0.0 No repository field.
259 verbose stack Error: db-mysql@0.7.6 install: `node-waf configure build`
259 verbose stack spawn ENOENT
259 verbose stack     at ChildProcess.<anonymous> (/usr/share/npm/lib/utils/spawn.js:17:16)
259 verbose stack     at emitTwo (events.js:126:13)
259 verbose stack     at ChildProcess.emit (events.js:214:7)
259 verbose stack     at maybeClose (internal/child_process.js:925:16)
259 verbose stack     at Process.ChildProcess._handle.onexit (internal/child_process.js:209:5)
260 verbose pkgid db-mysql@0.7.6
261 verbose cwd /var/www/html/node/mysql
262 error Linux 4.15.0-29-generic
263 error argv "/usr/bin/node" "/usr/bin/npm" "install" "db-mysql"
264 error node v8.10.0
265 error npm  v3.5.2
266 error file sh
267 error code ELIFECYCLE
268 error errno ENOENT
269 error syscall spawn
270 error db-mysql@0.7.6 install: `node-waf configure build`
270 error spawn ENOENT
271 error Failed at the db-mysql@0.7.6 install script 'node-waf configure build'.
271 error Make sure you have the latest version of node.js and npm installed.
271 error If you do, this is most likely a problem with the db-mysql package,
271 error not with npm itself.
271 error Tell the author that this fails on your system:
271 error     node-waf configure build
271 error You can get information on how to open an issue for this project with:
271 error     npm bugs db-mysql
271 error Or if that isn't available, you can get their info via:
271 error     npm owner ls db-mysql
271 error There is likely additional logging output above.
272 verbose exit [ 1, true ]
